<?xml version="1.0" encoding="UTF-8"?>
<testng-results ignored="0" total="1" passed="1" failed="0" skipped="0">
  <reporter-output>
  </reporter-output>
  <suite started-at="2024-12-01T17:05:24 IST" name="Default suite" finished-at="2024-12-01T17:05:25 IST" duration-ms="121">
    <groups>
    </groups>
    <test started-at="2024-12-01T17:05:24 IST" name="Default test" finished-at="2024-12-01T17:05:25 IST" duration-ms="121">
      <class name="oops.ps1">
        <test-method is-config="true" signature="hi()[pri:0, instance:oops.ps1@248e319b]" started-at="2024-12-01T17:05:25 IST" name="hi" finished-at="2024-12-01T17:05:25 IST" duration-ms="14" status="PASS">
          <reporter-output>
          </reporter-output>
        </test-method> <!-- hi -->
        <test-method signature="testrun()[pri:0, instance:oops.ps1@248e319b]" started-at="2024-12-01T17:05:25 IST" name="testrun" finished-at="2024-12-01T17:05:25 IST" duration-ms="13" status="PASS">
          <reporter-output>
          </reporter-output>
        </test-method> <!-- testrun -->
        <test-method is-config="true" signature="last()[pri:0, instance:oops.ps1@248e319b]" started-at="2024-12-01T17:05:25 IST" name="last" finished-at="2024-12-01T17:05:25 IST" duration-ms="1" status="PASS">
          <reporter-output>
          </reporter-output>
        </test-method> <!-- last -->
      </class> <!-- oops.ps1 -->
    </test> <!-- Default test -->
  </suite> <!-- Default suite -->
</testng-results>
